<?xml version="1.0" encoding="UTF-8"?>
<testng-results skipped="0" failed="0" total="4" passed="4">
  <reporter-output>
  </reporter-output>
  <suite name="Suite" duration-ms="95506" started-at="2020-07-24T07:13:04Z" finished-at="2020-07-24T07:14:40Z">
    <groups>
    </groups>
    <test name="VerifySearchCriteria" duration-ms="23191" started-at="2020-07-24T07:13:04Z" finished-at="2020-07-24T07:13:27Z">
      <class name="Zameen.Interview_Solution.VerifySearchCriteria">
        <test-method status="PASS" signature="initialize()[pri:0, instance:Zameen.Interview_Solution.VerifySearchCriteria@6c4906d3]" name="initialize" is-config="true" duration-ms="6388" started-at="2020-07-24T12:13:04Z" finished-at="2020-07-24T12:13:10Z">
          <reporter-output>
          </reporter-output>
        </test-method> <!-- initialize -->
        <test-method status="PASS" signature="verifySearchCriteria(java.lang.String, java.lang.String, java.lang.String)[pri:0, instance:Zameen.Interview_Solution.VerifySearchCriteria@6c4906d3]" name="verifySearchCriteria" duration-ms="16543" started-at="2020-07-24T12:13:10Z" data-provider="getData" finished-at="2020-07-24T12:13:27Z">
          <params>
            <param index="0">
              <value>
                <![CDATA[Rome,Italy]]>
              </value>
            </param>
            <param index="1">
              <value>
                <![CDATA[07/31/2020]]>
              </value>
            </param>
            <param index="2">
              <value>
                <![CDATA[08/07/2020]]>
              </value>
            </param>
          </params>
          <reporter-output>
          </reporter-output>
        </test-method> <!-- verifySearchCriteria -->
        <test-method status="PASS" signature="teardown()[pri:0, instance:Zameen.Interview_Solution.VerifySearchCriteria@6c4906d3]" name="teardown" is-config="true" duration-ms="235" started-at="2020-07-24T12:13:27Z" finished-at="2020-07-24T12:13:27Z">
          <reporter-output>
          </reporter-output>
        </test-method> <!-- teardown -->
      </class> <!-- Zameen.Interview_Solution.VerifySearchCriteria -->
    </test> <!-- VerifySearchCriteria -->
    <test name="VerifyDetailPageFilters" duration-ms="42672" started-at="2020-07-24T07:13:28Z" finished-at="2020-07-24T07:14:11Z">
      <class name="Zameen.Interview_Solution.VerifyDetailPageFilters">
        <test-method status="PASS" signature="initialize()[pri:0, instance:Zameen.Interview_Solution.VerifyDetailPageFilters@48e1f6c7]" name="initialize" is-config="true" duration-ms="5366" started-at="2020-07-24T12:13:28Z" finished-at="2020-07-24T12:13:33Z">
          <reporter-output>
          </reporter-output>
        </test-method> <!-- initialize -->
        <test-method status="PASS" signature="verifyPageFilters(java.lang.String, java.lang.String, java.lang.String)[pri:0, instance:Zameen.Interview_Solution.VerifyDetailPageFilters@48e1f6c7]" name="verifyPageFilters" duration-ms="36377" started-at="2020-07-24T12:13:33Z" data-provider="getData" finished-at="2020-07-24T12:14:10Z">
          <params>
            <param index="0">
              <value>
                <![CDATA[Rome,Italy]]>
              </value>
            </param>
            <param index="1">
              <value>
                <![CDATA[07/31/2020]]>
              </value>
            </param>
            <param index="2">
              <value>
                <![CDATA[08/07/2020]]>
              </value>
            </param>
          </params>
          <reporter-output>
          </reporter-output>
        </test-method> <!-- verifyPageFilters -->
        <test-method status="PASS" signature="teardown()[pri:0, instance:Zameen.Interview_Solution.VerifyDetailPageFilters@48e1f6c7]" name="teardown" is-config="true" duration-ms="927" started-at="2020-07-24T12:14:10Z" finished-at="2020-07-24T12:14:11Z">
          <reporter-output>
          </reporter-output>
        </test-method> <!-- teardown -->
      </class> <!-- Zameen.Interview_Solution.VerifyDetailPageFilters -->
    </test> <!-- VerifyDetailPageFilters -->
    <test name="Test3" duration-ms="5" started-at="2020-07-24T07:14:11Z" finished-at="2020-07-24T07:14:11Z">
      <class name="Zameen.Interview_Solution.AppTest">
        <test-method status="PASS" signature="shouldAnswerWithTrue()[pri:0, instance:Zameen.Interview_Solution.AppTest@72c8e7b]" name="shouldAnswerWithTrue" duration-ms="3" started-at="2020-07-24T12:14:11Z" finished-at="2020-07-24T12:14:11Z">
          <reporter-output>
          </reporter-output>
        </test-method> <!-- shouldAnswerWithTrue -->
      </class> <!-- Zameen.Interview_Solution.AppTest -->
    </test> <!-- Test3 -->
    <test name="VerifyPropertyOnMap" duration-ms="28881" started-at="2020-07-24T07:14:11Z" finished-at="2020-07-24T07:14:40Z">
      <class name="Zameen.Interview_Solution.VerifyPropertyOnMap">
        <test-method status="PASS" signature="initialize()[pri:0, instance:Zameen.Interview_Solution.VerifyPropertyOnMap@57bc27f5]" name="initialize" is-config="true" duration-ms="5504" started-at="2020-07-24T12:14:11Z" finished-at="2020-07-24T12:14:16Z">
          <reporter-output>
          </reporter-output>
        </test-method> <!-- initialize -->
        <test-method status="PASS" signature="verifyPropertyOnMap(java.lang.String, java.lang.String, java.lang.String)[pri:0, instance:Zameen.Interview_Solution.VerifyPropertyOnMap@57bc27f5]" name="verifyPropertyOnMap" duration-ms="23071" started-at="2020-07-24T12:14:16Z" data-provider="getData" finished-at="2020-07-24T12:14:39Z">
          <params>
            <param index="0">
              <value>
                <![CDATA[Rome,Italy]]>
              </value>
            </param>
            <param index="1">
              <value>
                <![CDATA[07/31/2020]]>
              </value>
            </param>
            <param index="2">
              <value>
                <![CDATA[08/07/2020]]>
              </value>
            </param>
          </params>
          <reporter-output>
          </reporter-output>
        </test-method> <!-- verifyPropertyOnMap -->
        <test-method status="PASS" signature="teardown()[pri:0, instance:Zameen.Interview_Solution.VerifyPropertyOnMap@57bc27f5]" name="teardown" is-config="true" duration-ms="305" started-at="2020-07-24T12:14:39Z" finished-at="2020-07-24T12:14:40Z">
          <reporter-output>
          </reporter-output>
        </test-method> <!-- teardown -->
      </class> <!-- Zameen.Interview_Solution.VerifyPropertyOnMap -->
    </test> <!-- VerifyPropertyOnMap -->
  </suite> <!-- Suite -->
</testng-results>
